2014-01-19 22:05:45 Error: [MissingConnectionException] Database connection "Mysql" is missing, or could not be created.
Exception Attributes: array (
  'class' => 'Mysql',
  'message' => 'SQLSTATE[42000] [1049] Unknown database \'cfcmanager\'',
  'enabled' => true,
)
Request URL: /cfcmanager/clientes
Stack Trace:
#0 C:\wamp\www\cfcmanager\lib\Cake\Model\Datasource\DboSource.php(261): Mysql->connect()
#1 C:\wamp\www\cfcmanager\lib\Cake\Model\ConnectionManager.php(101): DboSource->__construct(Array)
#2 C:\wamp\www\cfcmanager\lib\Cake\Model\Model.php(3195): ConnectionManager::getDataSource('default')
#3 C:\wamp\www\cfcmanager\lib\Cake\Model\Model.php(1107): Model->setDataSource('default')
#4 C:\wamp\www\cfcmanager\lib\Cake\Model\Model.php(3217): Model->setSource('estados')
#5 C:\wamp\www\cfcmanager\lib\Cake\Model\Model.php(1318): Model->getDataSource()
#6 C:\wamp\www\cfcmanager\lib\Cake\Model\Model.php(1401): Model->schema()
#7 C:\wamp\www\cfcmanager\lib\Cake\Model\Model.php(1389): Model->hasField('title', false)
#8 C:\wamp\www\cfcmanager\lib\Cake\Model\Model.php(878): Model->hasField(Array)
#9 C:\wamp\www\cfcmanager\lib\Cake\Model\Model.php(2816): Model->__get('displayField')
#10 C:\wamp\www\cfcmanager\lib\Cake\Model\Model.php(2710): Model->_findList('before', Array)
#11 C:\wamp\www\cfcmanager\lib\Cake\Model\Model.php(2669): Model->buildQuery('list', Array)
#12 C:\wamp\www\cfcmanager\app\Controller\ClientesController.php(16): Model->find('list')
#13 [internal function]: ClientesController->index()
#14 C:\wamp\www\cfcmanager\lib\Cake\Controller\Controller.php(485): ReflectionMethod->invokeArgs(Object(ClientesController), Array)
#15 C:\wamp\www\cfcmanager\lib\Cake\Routing\Dispatcher.php(186): Controller->invokeAction(Object(CakeRequest))
#16 C:\wamp\www\cfcmanager\lib\Cake\Routing\Dispatcher.php(161): Dispatcher->_invoke(Object(ClientesController), Object(CakeRequest), Object(CakeResponse))
#17 C:\wamp\www\cfcmanager\app\webroot\index.php(97): Dispatcher->dispatch(Object(CakeRequest), Object(CakeResponse))
#18 {main}
2014-01-19 22:05:49 Error: [MissingControllerException] Controller class ClienteController could not be found.
Exception Attributes: array (
  'class' => 'ClienteController',
  'plugin' => NULL,
)
Request URL: /cfcmanager/cliente
Stack Trace:
#0 C:\wamp\www\cfcmanager\app\webroot\index.php(97): Dispatcher->dispatch(Object(CakeRequest), Object(CakeResponse))
#1 {main}
2014-01-19 22:05:55 Error: [MissingConnectionException] Database connection "Mysql" is missing, or could not be created.
Exception Attributes: array (
  'class' => 'Mysql',
  'message' => 'SQLSTATE[42000] [1049] Unknown database \'cfcmanager\'',
  'enabled' => true,
)
Request URL: /cfcmanager/clientes
Stack Trace:
#0 C:\wamp\www\cfcmanager\lib\Cake\Model\Datasource\DboSource.php(261): Mysql->connect()
#1 C:\wamp\www\cfcmanager\lib\Cake\Model\ConnectionManager.php(101): DboSource->__construct(Array)
#2 C:\wamp\www\cfcmanager\lib\Cake\Model\Model.php(3195): ConnectionManager::getDataSource('default')
#3 C:\wamp\www\cfcmanager\lib\Cake\Model\Model.php(1107): Model->setDataSource('default')
#4 C:\wamp\www\cfcmanager\lib\Cake\Model\Model.php(3217): Model->setSource('estados')
#5 C:\wamp\www\cfcmanager\lib\Cake\Model\Model.php(1318): Model->getDataSource()
#6 C:\wamp\www\cfcmanager\lib\Cake\Model\Model.php(1401): Model->schema()
#7 C:\wamp\www\cfcmanager\lib\Cake\Model\Model.php(1389): Model->hasField('title', false)
#8 C:\wamp\www\cfcmanager\lib\Cake\Model\Model.php(878): Model->hasField(Array)
#9 C:\wamp\www\cfcmanager\lib\Cake\Model\Model.php(2816): Model->__get('displayField')
#10 C:\wamp\www\cfcmanager\lib\Cake\Model\Model.php(2710): Model->_findList('before', Array)
#11 C:\wamp\www\cfcmanager\lib\Cake\Model\Model.php(2669): Model->buildQuery('list', Array)
#12 C:\wamp\www\cfcmanager\app\Controller\ClientesController.php(16): Model->find('list')
#13 [internal function]: ClientesController->index()
#14 C:\wamp\www\cfcmanager\lib\Cake\Controller\Controller.php(485): ReflectionMethod->invokeArgs(Object(ClientesController), Array)
#15 C:\wamp\www\cfcmanager\lib\Cake\Routing\Dispatcher.php(186): Controller->invokeAction(Object(CakeRequest))
#16 C:\wamp\www\cfcmanager\lib\Cake\Routing\Dispatcher.php(161): Dispatcher->_invoke(Object(ClientesController), Object(CakeRequest), Object(CakeResponse))
#17 C:\wamp\www\cfcmanager\app\webroot\index.php(97): Dispatcher->dispatch(Object(CakeRequest), Object(CakeResponse))
#18 {main}
2014-01-19 22:06:28 Error: [MissingViewException] View file "C:\wamp\www\cfcmanager\app\View\Clientes\index.ctp" is missing.
Exception Attributes: array (
  'file' => 'C:\\wamp\\www\\cfcmanager\\app\\View\\Clientes\\index.ctp',
)
Request URL: /cfcmanager/clientes
Stack Trace:
#0 C:\wamp\www\cfcmanager\lib\Cake\View\View.php(467): View->_getViewFileName(NULL)
#1 C:\wamp\www\cfcmanager\lib\Cake\Controller\Controller.php(947): View->render(NULL, NULL)
#2 C:\wamp\www\cfcmanager\lib\Cake\Routing\Dispatcher.php(193): Controller->render()
#3 C:\wamp\www\cfcmanager\lib\Cake\Routing\Dispatcher.php(161): Dispatcher->_invoke(Object(ClientesController), Object(CakeRequest), Object(CakeResponse))
#4 C:\wamp\www\cfcmanager\app\webroot\index.php(97): Dispatcher->dispatch(Object(CakeRequest), Object(CakeResponse))
#5 {main}
2014-01-19 22:07:11 Error: [MissingViewException] View file "C:\wamp\www\cfcmanager\app\View\Clientes\index.ctp" is missing.
Exception Attributes: array (
  'file' => 'C:\\wamp\\www\\cfcmanager\\app\\View\\Clientes\\index.ctp',
)
Request URL: /cfcmanager/clientes
Stack Trace:
#0 C:\wamp\www\cfcmanager\lib\Cake\View\View.php(467): View->_getViewFileName(NULL)
#1 C:\wamp\www\cfcmanager\lib\Cake\Controller\Controller.php(947): View->render(NULL, NULL)
#2 C:\wamp\www\cfcmanager\lib\Cake\Routing\Dispatcher.php(193): Controller->render()
#3 C:\wamp\www\cfcmanager\lib\Cake\Routing\Dispatcher.php(161): Dispatcher->_invoke(Object(ClientesController), Object(CakeRequest), Object(CakeResponse))
#4 C:\wamp\www\cfcmanager\app\webroot\index.php(97): Dispatcher->dispatch(Object(CakeRequest), Object(CakeResponse))
#5 {main}
2014-01-19 22:07:15 Error: [MissingViewException] View file "C:\wamp\www\cfcmanager\app\View\Clientes\index.ctp" is missing.
Exception Attributes: array (
  'file' => 'C:\\wamp\\www\\cfcmanager\\app\\View\\Clientes\\index.ctp',
)
Request URL: /cfcmanager/clientes
Stack Trace:
#0 C:\wamp\www\cfcmanager\lib\Cake\View\View.php(467): View->_getViewFileName(NULL)
#1 C:\wamp\www\cfcmanager\lib\Cake\Controller\Controller.php(947): View->render(NULL, NULL)
#2 C:\wamp\www\cfcmanager\lib\Cake\Routing\Dispatcher.php(193): Controller->render()
#3 C:\wamp\www\cfcmanager\lib\Cake\Routing\Dispatcher.php(161): Dispatcher->_invoke(Object(ClientesController), Object(CakeRequest), Object(CakeResponse))
#4 C:\wamp\www\cfcmanager\app\webroot\index.php(97): Dispatcher->dispatch(Object(CakeRequest), Object(CakeResponse))
#5 {main}
2014-01-19 22:07:29 Error: [MissingControllerException] Controller class JsController could not be found.
Exception Attributes: array (
  'class' => 'JsController',
  'plugin' => NULL,
)
Request URL: /cfcmanager/js/views/home/listar_cidades.js
Stack Trace:
#0 C:\wamp\www\cfcmanager\app\webroot\index.php(97): Dispatcher->dispatch(Object(CakeRequest), Object(CakeResponse))
#1 {main}
2014-01-19 22:08:04 Error: [MissingControllerException] Controller class JsController could not be found.
Exception Attributes: array (
  'class' => 'JsController',
  'plugin' => NULL,
)
Request URL: /cfcmanager/js/views/home/listar_cidades.js
Stack Trace:
#0 C:\wamp\www\cfcmanager\app\webroot\index.php(97): Dispatcher->dispatch(Object(CakeRequest), Object(CakeResponse))
#1 {main}
2014-01-19 22:08:27 Error: [MissingControllerException] Controller class JsController could not be found.
Exception Attributes: array (
  'class' => 'JsController',
  'plugin' => NULL,
)
Request URL: /cfcmanager/js/views/home/listar_cidades.js
Stack Trace:
#0 C:\wamp\www\cfcmanager\app\webroot\index.php(97): Dispatcher->dispatch(Object(CakeRequest), Object(CakeResponse))
#1 {main}
2014-01-19 22:29:15 Error: [PDOException] SQLSTATE[42000]: Syntax error or access violation: 1064 You have an error in your SQL syntax; check the manual that corresponds to your MySQL server version for the right syntax to use near 'FROM `serluz`.`clientes` AS `Cliente`   WHERE 1 = 1' at line 1
Request URL: /cfcmanager/clientes
Stack Trace:
#0 C:\wamp\www\cfcmanager\lib\Cake\Model\Datasource\DboSource.php(459): PDOStatement->execute(Array)
#1 C:\wamp\www\cfcmanager\lib\Cake\Model\Datasource\DboSource.php(425): DboSource->_execute('SELECT  FROM `s...', Array)
#2 C:\wamp\www\cfcmanager\lib\Cake\Model\Datasource\DboSource.php(669): DboSource->execute('SELECT  FROM `s...', Array, Array)
#3 C:\wamp\www\cfcmanager\lib\Cake\Model\Datasource\DboSource.php(1080): DboSource->fetchAll('SELECT  FROM `s...', false)
#4 C:\wamp\www\cfcmanager\lib\Cake\Model\Model.php(2674): DboSource->read(Object(Cliente), Array)
#5 C:\wamp\www\cfcmanager\app\Controller\ClientesController.php(17): Model->find('all')
#6 [internal function]: ClientesController->index()
#7 C:\wamp\www\cfcmanager\lib\Cake\Controller\Controller.php(485): ReflectionMethod->invokeArgs(Object(ClientesController), Array)
#8 C:\wamp\www\cfcmanager\lib\Cake\Routing\Dispatcher.php(186): Controller->invokeAction(Object(CakeRequest))
#9 C:\wamp\www\cfcmanager\lib\Cake\Routing\Dispatcher.php(161): Dispatcher->_invoke(Object(ClientesController), Object(CakeRequest), Object(CakeResponse))
#10 C:\wamp\www\cfcmanager\app\webroot\index.php(97): Dispatcher->dispatch(Object(CakeRequest), Object(CakeResponse))
#11 {main}
2014-01-19 22:30:02 Error: [PDOException] SQLSTATE[42000]: Syntax error or access violation: 1064 You have an error in your SQL syntax; check the manual that corresponds to your MySQL server version for the right syntax to use near 'FROM `serluz`.`clientes` AS `Cliente`   WHERE 1 = 1' at line 1
Request URL: /cfcmanager/clientes
Stack Trace:
#0 C:\wamp\www\cfcmanager\lib\Cake\Model\Datasource\DboSource.php(459): PDOStatement->execute(Array)
#1 C:\wamp\www\cfcmanager\lib\Cake\Model\Datasource\DboSource.php(425): DboSource->_execute('SELECT  FROM `s...', Array)
#2 C:\wamp\www\cfcmanager\lib\Cake\Model\Datasource\DboSource.php(669): DboSource->execute('SELECT  FROM `s...', Array, Array)
#3 C:\wamp\www\cfcmanager\lib\Cake\Model\Datasource\DboSource.php(1080): DboSource->fetchAll('SELECT  FROM `s...', false)
#4 C:\wamp\www\cfcmanager\lib\Cake\Model\Model.php(2674): DboSource->read(Object(Cliente), Array)
#5 C:\wamp\www\cfcmanager\app\Controller\ClientesController.php(16): Model->find('all')
#6 [internal function]: ClientesController->index()
#7 C:\wamp\www\cfcmanager\lib\Cake\Controller\Controller.php(485): ReflectionMethod->invokeArgs(Object(ClientesController), Array)
#8 C:\wamp\www\cfcmanager\lib\Cake\Routing\Dispatcher.php(186): Controller->invokeAction(Object(CakeRequest))
#9 C:\wamp\www\cfcmanager\lib\Cake\Routing\Dispatcher.php(161): Dispatcher->_invoke(Object(ClientesController), Object(CakeRequest), Object(CakeResponse))
#10 C:\wamp\www\cfcmanager\app\webroot\index.php(97): Dispatcher->dispatch(Object(CakeRequest), Object(CakeResponse))
#11 {main}
2014-01-19 22:30:37 Error: [PDOException] SQLSTATE[42000]: Syntax error or access violation: 1064 You have an error in your SQL syntax; check the manual that corresponds to your MySQL server version for the right syntax to use near 'FROM `serluz`.`clientes` AS `Cliente`   WHERE 1 = 1' at line 1
Request URL: /cfcmanager/clientes
Stack Trace:
#0 C:\wamp\www\cfcmanager\lib\Cake\Model\Datasource\DboSource.php(459): PDOStatement->execute(Array)
#1 C:\wamp\www\cfcmanager\lib\Cake\Model\Datasource\DboSource.php(425): DboSource->_execute('SELECT  FROM `s...', Array)
#2 C:\wamp\www\cfcmanager\lib\Cake\Model\Datasource\DboSource.php(669): DboSource->execute('SELECT  FROM `s...', Array, Array)
#3 C:\wamp\www\cfcmanager\lib\Cake\Model\Datasource\DboSource.php(1080): DboSource->fetchAll('SELECT  FROM `s...', false)
#4 C:\wamp\www\cfcmanager\lib\Cake\Model\Model.php(2674): DboSource->read(Object(Cliente), Array)
#5 C:\wamp\www\cfcmanager\app\Controller\ClientesController.php(16): Model->find('all')
#6 [internal function]: ClientesController->index()
#7 C:\wamp\www\cfcmanager\lib\Cake\Controller\Controller.php(485): ReflectionMethod->invokeArgs(Object(ClientesController), Array)
#8 C:\wamp\www\cfcmanager\lib\Cake\Routing\Dispatcher.php(186): Controller->invokeAction(Object(CakeRequest))
#9 C:\wamp\www\cfcmanager\lib\Cake\Routing\Dispatcher.php(161): Dispatcher->_invoke(Object(ClientesController), Object(CakeRequest), Object(CakeResponse))
#10 C:\wamp\www\cfcmanager\app\webroot\index.php(97): Dispatcher->dispatch(Object(CakeRequest), Object(CakeResponse))
#11 {main}
2014-01-19 22:31:17 Error: [PDOException] SQLSTATE[42000]: Syntax error or access violation: 1064 You have an error in your SQL syntax; check the manual that corresponds to your MySQL server version for the right syntax to use near 'FROM `serluz`.`clientes` AS `Cliente`   WHERE 1 = 1' at line 1
Request URL: /cfcmanager/clientes
Stack Trace:
#0 C:\wamp\www\cfcmanager\lib\Cake\Model\Datasource\DboSource.php(459): PDOStatement->execute(Array)
#1 C:\wamp\www\cfcmanager\lib\Cake\Model\Datasource\DboSource.php(425): DboSource->_execute('SELECT  FROM `s...', Array)
#2 C:\wamp\www\cfcmanager\lib\Cake\Model\Datasource\DboSource.php(669): DboSource->execute('SELECT  FROM `s...', Array, Array)
#3 C:\wamp\www\cfcmanager\lib\Cake\Model\Datasource\DboSource.php(1080): DboSource->fetchAll('SELECT  FROM `s...', false)
#4 C:\wamp\www\cfcmanager\lib\Cake\Model\Model.php(2674): DboSource->read(Object(Cliente), Array)
#5 C:\wamp\www\cfcmanager\app\Controller\ClientesController.php(17): Model->find('all')
#6 [internal function]: ClientesController->index()
#7 C:\wamp\www\cfcmanager\lib\Cake\Controller\Controller.php(485): ReflectionMethod->invokeArgs(Object(ClientesController), Array)
#8 C:\wamp\www\cfcmanager\lib\Cake\Routing\Dispatcher.php(186): Controller->invokeAction(Object(CakeRequest))
#9 C:\wamp\www\cfcmanager\lib\Cake\Routing\Dispatcher.php(161): Dispatcher->_invoke(Object(ClientesController), Object(CakeRequest), Object(CakeResponse))
#10 C:\wamp\www\cfcmanager\app\webroot\index.php(97): Dispatcher->dispatch(Object(CakeRequest), Object(CakeResponse))
#11 {main}
2014-01-19 22:36:27 Error: [MissingActionException] Action ClientesController::add() could not be found.
Exception Attributes: array (
  'controller' => 'ClientesController',
  'action' => 'add',
)
Request URL: /cfcmanager/clientes/add
Stack Trace:
#0 C:\wamp\www\cfcmanager\lib\Cake\Routing\Dispatcher.php(186): Controller->invokeAction(Object(CakeRequest))
#1 C:\wamp\www\cfcmanager\lib\Cake\Routing\Dispatcher.php(161): Dispatcher->_invoke(Object(ClientesController), Object(CakeRequest), Object(CakeResponse))
#2 C:\wamp\www\cfcmanager\app\webroot\index.php(97): Dispatcher->dispatch(Object(CakeRequest), Object(CakeResponse))
#3 {main}
2014-01-19 22:37:11 Error: Fatal Error (4): syntax error, unexpected T_PUBLIC in [C:\wamp\www\cfcmanager\app\Controller\ClientesController.php, line 43]
2014-01-19 22:37:11 Error: [FatalErrorException] syntax error, unexpected T_PUBLIC
Request URL: /cfcmanager/clientes/add
Stack Trace:
#0 C:\wamp\www\cfcmanager\lib\Cake\Error\ErrorHandler.php(183): ErrorHandler::handleFatalError(4, 'syntax error, u...', 'C:\wamp\www\cfc...', 43)
#1 [internal function]: ErrorHandler::handleError(4, 'syntax error, u...', 'C:\wamp\www\cfc...', 43, Array)
#2 C:\wamp\www\cfcmanager\lib\Cake\Core\App.php(926): call_user_func('ErrorHandler::h...', 4, 'syntax error, u...', 'C:\wamp\www\cfc...', 43, Array)
#3 C:\wamp\www\cfcmanager\lib\Cake\Core\App.php(899): App::_checkFatalError()
#4 [internal function]: App::shutdown()
#5 {main}
2014-01-19 22:40:04 Error: Fatal Error (1): Call to a member function find() on a non-object in [C:\wamp\www\cfcmanager\app\Controller\ClientesController.php, line 42]
2014-01-19 22:40:04 Error: [FatalErrorException] Call to a member function find() on a non-object
Request URL: /cfcmanager/clientes/add
Stack Trace:
#0 C:\wamp\www\cfcmanager\lib\Cake\Error\ErrorHandler.php(183): ErrorHandler::handleFatalError(1, 'Call to a membe...', 'C:\wamp\www\cfc...', 42)
#1 [internal function]: ErrorHandler::handleError(1, 'Call to a membe...', 'C:\wamp\www\cfc...', 42, Array)
#2 C:\wamp\www\cfcmanager\lib\Cake\Core\App.php(926): call_user_func('ErrorHandler::h...', 1, 'Call to a membe...', 'C:\wamp\www\cfc...', 42, Array)
#3 C:\wamp\www\cfcmanager\lib\Cake\Core\App.php(899): App::_checkFatalError()
#4 [internal function]: App::shutdown()
#5 {main}
2014-01-19 22:40:25 Error: Fatal Error (1): Call to a member function find() on a non-object in [C:\wamp\www\cfcmanager\app\Controller\ClientesController.php, line 42]
2014-01-19 22:40:25 Error: [FatalErrorException] Call to a member function find() on a non-object
Request URL: /cfcmanager/clientes/add
Stack Trace:
#0 C:\wamp\www\cfcmanager\lib\Cake\Error\ErrorHandler.php(183): ErrorHandler::handleFatalError(1, 'Call to a membe...', 'C:\wamp\www\cfc...', 42)
#1 [internal function]: ErrorHandler::handleError(1, 'Call to a membe...', 'C:\wamp\www\cfc...', 42, Array)
#2 C:\wamp\www\cfcmanager\lib\Cake\Core\App.php(926): call_user_func('ErrorHandler::h...', 1, 'Call to a membe...', 'C:\wamp\www\cfc...', 42, Array)
#3 C:\wamp\www\cfcmanager\lib\Cake\Core\App.php(899): App::_checkFatalError()
#4 [internal function]: App::shutdown()
#5 {main}
2014-01-19 22:42:33 Error: Fatal Error (1): Call to a member function find() on a non-object in [C:\wamp\www\cfcmanager\app\Controller\ClientesController.php, line 42]
2014-01-19 22:42:33 Error: [FatalErrorException] Call to a member function find() on a non-object
Request URL: /cfcmanager/clientes/add
Stack Trace:
#0 C:\wamp\www\cfcmanager\lib\Cake\Error\ErrorHandler.php(183): ErrorHandler::handleFatalError(1, 'Call to a membe...', 'C:\wamp\www\cfc...', 42)
#1 [internal function]: ErrorHandler::handleError(1, 'Call to a membe...', 'C:\wamp\www\cfc...', 42, Array)
#2 C:\wamp\www\cfcmanager\lib\Cake\Core\App.php(926): call_user_func('ErrorHandler::h...', 1, 'Call to a membe...', 'C:\wamp\www\cfc...', 42, Array)
#3 C:\wamp\www\cfcmanager\lib\Cake\Core\App.php(899): App::_checkFatalError()
#4 [internal function]: App::shutdown()
#5 {main}
2014-01-19 22:44:49 Error: [PDOException] SQLSTATE[42S22]: Column not found: 1054 Unknown column 'Estado.estado' in 'field list'
Request URL: /cfcmanager/clientes/add
Stack Trace:
#0 C:\wamp\www\cfcmanager\lib\Cake\Model\Datasource\DboSource.php(459): PDOStatement->execute(Array)
#1 C:\wamp\www\cfcmanager\lib\Cake\Model\Datasource\DboSource.php(425): DboSource->_execute('SELECT `Estado`...', Array)
#2 C:\wamp\www\cfcmanager\lib\Cake\Model\Datasource\DboSource.php(669): DboSource->execute('SELECT `Estado`...', Array, Array)
#3 C:\wamp\www\cfcmanager\lib\Cake\Model\Datasource\DboSource.php(1080): DboSource->fetchAll('SELECT `Estado`...', false)
#4 C:\wamp\www\cfcmanager\lib\Cake\Model\Model.php(2674): DboSource->read(Object(Estado), Array)
#5 C:\wamp\www\cfcmanager\app\Controller\ClientesController.php(42): Model->find('list', Array)
#6 [internal function]: ClientesController->add()
#7 C:\wamp\www\cfcmanager\lib\Cake\Controller\Controller.php(485): ReflectionMethod->invokeArgs(Object(ClientesController), Array)
#8 C:\wamp\www\cfcmanager\lib\Cake\Routing\Dispatcher.php(186): Controller->invokeAction(Object(CakeRequest))
#9 C:\wamp\www\cfcmanager\lib\Cake\Routing\Dispatcher.php(161): Dispatcher->_invoke(Object(ClientesController), Object(CakeRequest), Object(CakeResponse))
#10 C:\wamp\www\cfcmanager\app\webroot\index.php(97): Dispatcher->dispatch(Object(CakeRequest), Object(CakeResponse))
#11 {main}
2014-01-19 22:45:08 Error: Fatal Error (1): Call to a member function observeField() on a non-object in [C:\wamp\www\cfcmanager\app\View\Clientes\add.ctp, line 19]
2014-01-19 22:45:08 Error: [FatalErrorException] Call to a member function observeField() on a non-object
Request URL: /cfcmanager/clientes/add
Stack Trace:
#0 C:\wamp\www\cfcmanager\lib\Cake\Error\ErrorHandler.php(183): ErrorHandler::handleFatalError(1, 'Call to a membe...', 'C:\wamp\www\cfc...', 19)
#1 [internal function]: ErrorHandler::handleError(1, 'Call to a membe...', 'C:\wamp\www\cfc...', 19, Array)
#2 C:\wamp\www\cfcmanager\lib\Cake\Core\App.php(926): call_user_func('ErrorHandler::h...', 1, 'Call to a membe...', 'C:\wamp\www\cfc...', 19, Array)
#3 C:\wamp\www\cfcmanager\lib\Cake\Core\App.php(899): App::_checkFatalError()
#4 [internal function]: App::shutdown()
#5 {main}
2014-01-19 22:45:31 Error: [MissingActionException] Action ClientesController::clientes() could not be found.
Exception Attributes: array (
  'controller' => 'ClientesController',
  'action' => 'clientes',
)
Request URL: /cfcmanager/clientes/clientes/listar_cidades_json?estadoId=11
Stack Trace:
#0 C:\wamp\www\cfcmanager\lib\Cake\Routing\Dispatcher.php(186): Controller->invokeAction(Object(CakeRequest))
#1 C:\wamp\www\cfcmanager\lib\Cake\Routing\Dispatcher.php(161): Dispatcher->_invoke(Object(ClientesController), Object(CakeRequest), Object(CakeResponse))
#2 C:\wamp\www\cfcmanager\app\webroot\index.php(97): Dispatcher->dispatch(Object(CakeRequest), Object(CakeResponse))
#3 {main}
2014-01-19 22:46:58 Error: [MissingActionException] Action ClientesController::clientes() could not be found.
Exception Attributes: array (
  'controller' => 'ClientesController',
  'action' => 'clientes',
)
Request URL: /cfcmanager/clientes/clientes/listar_cidades_json?estadoId=01
Stack Trace:
#0 C:\wamp\www\cfcmanager\lib\Cake\Routing\Dispatcher.php(186): Controller->invokeAction(Object(CakeRequest))
#1 C:\wamp\www\cfcmanager\lib\Cake\Routing\Dispatcher.php(161): Dispatcher->_invoke(Object(ClientesController), Object(CakeRequest), Object(CakeResponse))
#2 C:\wamp\www\cfcmanager\app\webroot\index.php(97): Dispatcher->dispatch(Object(CakeRequest), Object(CakeResponse))
#3 {main}
2014-01-19 22:47:04 Error: [MissingActionException] Action ClientesController::clientes() could not be found.
Exception Attributes: array (
  'controller' => 'ClientesController',
  'action' => 'clientes',
)
Request URL: /cfcmanager/clientes/clientes/listar_cidades_json?estadoId=10
Stack Trace:
#0 C:\wamp\www\cfcmanager\lib\Cake\Routing\Dispatcher.php(186): Controller->invokeAction(Object(CakeRequest))
#1 C:\wamp\www\cfcmanager\lib\Cake\Routing\Dispatcher.php(161): Dispatcher->_invoke(Object(ClientesController), Object(CakeRequest), Object(CakeResponse))
#2 C:\wamp\www\cfcmanager\app\webroot\index.php(97): Dispatcher->dispatch(Object(CakeRequest), Object(CakeResponse))
#3 {main}
2014-01-19 22:47:53 Error: [MissingActionException] Action ClientesController::clientes() could not be found.
Exception Attributes: array (
  'controller' => 'ClientesController',
  'action' => 'clientes',
)
Request URL: /cfcmanager/clientes/clientes/listar_cidades_json?estadoId=03
Stack Trace:
#0 C:\wamp\www\cfcmanager\lib\Cake\Routing\Dispatcher.php(186): Controller->invokeAction(Object(CakeRequest))
#1 C:\wamp\www\cfcmanager\lib\Cake\Routing\Dispatcher.php(161): Dispatcher->_invoke(Object(ClientesController), Object(CakeRequest), Object(CakeResponse))
#2 C:\wamp\www\cfcmanager\app\webroot\index.php(97): Dispatcher->dispatch(Object(CakeRequest), Object(CakeResponse))
#3 {main}
2014-01-19 22:50:36 Error: Fatal Error (1): Call to a member function find() on a non-object in [C:\wamp\www\cfcmanager\app\Controller\ClientesController.php, line 45]
2014-01-19 22:50:36 Error: [FatalErrorException] Call to a member function find() on a non-object
Request URL: /cfcmanager/clientes/add
Stack Trace:
#0 C:\wamp\www\cfcmanager\lib\Cake\Error\ErrorHandler.php(183): ErrorHandler::handleFatalError(1, 'Call to a membe...', 'C:\wamp\www\cfc...', 45)
#1 [internal function]: ErrorHandler::handleError(1, 'Call to a membe...', 'C:\wamp\www\cfc...', 45, Array)
#2 C:\wamp\www\cfcmanager\lib\Cake\Core\App.php(926): call_user_func('ErrorHandler::h...', 1, 'Call to a membe...', 'C:\wamp\www\cfc...', 45, Array)
#3 C:\wamp\www\cfcmanager\lib\Cake\Core\App.php(899): App::_checkFatalError()
#4 [internal function]: App::shutdown()
#5 {main}
2014-01-19 22:51:08 Error: Fatal Error (1): Call to a member function find() on a non-object in [C:\wamp\www\cfcmanager\app\Controller\ClientesController.php, line 45]
2014-01-19 22:51:08 Error: [FatalErrorException] Call to a member function find() on a non-object
Request URL: /cfcmanager/clientes/add
Stack Trace:
#0 C:\wamp\www\cfcmanager\lib\Cake\Error\ErrorHandler.php(183): ErrorHandler::handleFatalError(1, 'Call to a membe...', 'C:\wamp\www\cfc...', 45)
#1 [internal function]: ErrorHandler::handleError(1, 'Call to a membe...', 'C:\wamp\www\cfc...', 45, Array)
#2 C:\wamp\www\cfcmanager\lib\Cake\Core\App.php(926): call_user_func('ErrorHandler::h...', 1, 'Call to a membe...', 'C:\wamp\www\cfc...', 45, Array)
#3 C:\wamp\www\cfcmanager\lib\Cake\Core\App.php(899): App::_checkFatalError()
#4 [internal function]: App::shutdown()
#5 {main}
2014-01-19 22:51:10 Error: Fatal Error (1): Call to a member function find() on a non-object in [C:\wamp\www\cfcmanager\app\Controller\ClientesController.php, line 45]
2014-01-19 22:51:10 Error: [FatalErrorException] Call to a member function find() on a non-object
Request URL: /cfcmanager/clientes/add
Stack Trace:
#0 C:\wamp\www\cfcmanager\lib\Cake\Error\ErrorHandler.php(183): ErrorHandler::handleFatalError(1, 'Call to a membe...', 'C:\wamp\www\cfc...', 45)
#1 [internal function]: ErrorHandler::handleError(1, 'Call to a membe...', 'C:\wamp\www\cfc...', 45, Array)
#2 C:\wamp\www\cfcmanager\lib\Cake\Core\App.php(926): call_user_func('ErrorHandler::h...', 1, 'Call to a membe...', 'C:\wamp\www\cfc...', 45, Array)
#3 C:\wamp\www\cfcmanager\lib\Cake\Core\App.php(899): App::_checkFatalError()
#4 [internal function]: App::shutdown()
#5 {main}
2014-01-19 22:51:48 Error: [MissingActionException] Action ClientesController::clientes() could not be found.
Exception Attributes: array (
  'controller' => 'ClientesController',
  'action' => 'clientes',
)
Request URL: /cfcmanager/clientes/clientes/listar_cidades_json?estadoId=01
Stack Trace:
#0 C:\wamp\www\cfcmanager\lib\Cake\Routing\Dispatcher.php(186): Controller->invokeAction(Object(CakeRequest))
#1 C:\wamp\www\cfcmanager\lib\Cake\Routing\Dispatcher.php(161): Dispatcher->_invoke(Object(ClientesController), Object(CakeRequest), Object(CakeResponse))
#2 C:\wamp\www\cfcmanager\app\webroot\index.php(97): Dispatcher->dispatch(Object(CakeRequest), Object(CakeResponse))
#3 {main}
2014-01-19 22:52:06 Error: Fatal Error (1): Call to a member function find() on a non-object in [C:\wamp\www\cfcmanager\app\Controller\ClientesController.php, line 43]
2014-01-19 22:52:06 Error: [FatalErrorException] Call to a member function find() on a non-object
Request URL: /cfcmanager/clientes/add
Stack Trace:
#0 C:\wamp\www\cfcmanager\lib\Cake\Error\ErrorHandler.php(183): ErrorHandler::handleFatalError(1, 'Call to a membe...', 'C:\wamp\www\cfc...', 43)
#1 [internal function]: ErrorHandler::handleError(1, 'Call to a membe...', 'C:\wamp\www\cfc...', 43, Array)
#2 C:\wamp\www\cfcmanager\lib\Cake\Core\App.php(926): call_user_func('ErrorHandler::h...', 1, 'Call to a membe...', 'C:\wamp\www\cfc...', 43, Array)
#3 C:\wamp\www\cfcmanager\lib\Cake\Core\App.php(899): App::_checkFatalError()
#4 [internal function]: App::shutdown()
#5 {main}
2014-01-19 22:53:35 Error: Fatal Error (1): Call to a member function find() on a non-object in [C:\wamp\www\cfcmanager\app\Controller\ClientesController.php, line 43]
2014-01-19 22:53:35 Error: [FatalErrorException] Call to a member function find() on a non-object
Request URL: /cfcmanager/clientes/add
Stack Trace:
#0 C:\wamp\www\cfcmanager\lib\Cake\Error\ErrorHandler.php(183): ErrorHandler::handleFatalError(1, 'Call to a membe...', 'C:\wamp\www\cfc...', 43)
#1 [internal function]: ErrorHandler::handleError(1, 'Call to a membe...', 'C:\wamp\www\cfc...', 43, Array)
#2 C:\wamp\www\cfcmanager\lib\Cake\Core\App.php(926): call_user_func('ErrorHandler::h...', 1, 'Call to a membe...', 'C:\wamp\www\cfc...', 43, Array)
#3 C:\wamp\www\cfcmanager\lib\Cake\Core\App.php(899): App::_checkFatalError()
#4 [internal function]: App::shutdown()
#5 {main}
2014-01-19 22:53:38 Error: Fatal Error (1): Call to a member function find() on a non-object in [C:\wamp\www\cfcmanager\app\Controller\ClientesController.php, line 43]
2014-01-19 22:53:38 Error: [FatalErrorException] Call to a member function find() on a non-object
Request URL: /cfcmanager/clientes/add
Stack Trace:
#0 C:\wamp\www\cfcmanager\lib\Cake\Error\ErrorHandler.php(183): ErrorHandler::handleFatalError(1, 'Call to a membe...', 'C:\wamp\www\cfc...', 43)
#1 [internal function]: ErrorHandler::handleError(1, 'Call to a membe...', 'C:\wamp\www\cfc...', 43, Array)
#2 C:\wamp\www\cfcmanager\lib\Cake\Core\App.php(926): call_user_func('ErrorHandler::h...', 1, 'Call to a membe...', 'C:\wamp\www\cfc...', 43, Array)
#3 C:\wamp\www\cfcmanager\lib\Cake\Core\App.php(899): App::_checkFatalError()
#4 [internal function]: App::shutdown()
#5 {main}
2014-01-19 22:53:41 Error: Fatal Error (1): Call to a member function find() on a non-object in [C:\wamp\www\cfcmanager\app\Controller\ClientesController.php, line 43]
2014-01-19 22:53:41 Error: [FatalErrorException] Call to a member function find() on a non-object
Request URL: /cfcmanager/clientes/add
Stack Trace:
#0 C:\wamp\www\cfcmanager\lib\Cake\Error\ErrorHandler.php(183): ErrorHandler::handleFatalError(1, 'Call to a membe...', 'C:\wamp\www\cfc...', 43)
#1 [internal function]: ErrorHandler::handleError(1, 'Call to a membe...', 'C:\wamp\www\cfc...', 43, Array)
#2 C:\wamp\www\cfcmanager\lib\Cake\Core\App.php(926): call_user_func('ErrorHandler::h...', 1, 'Call to a membe...', 'C:\wamp\www\cfc...', 43, Array)
#3 C:\wamp\www\cfcmanager\lib\Cake\Core\App.php(899): App::_checkFatalError()
#4 [internal function]: App::shutdown()
#5 {main}
2014-01-19 22:53:41 Error: Fatal Error (1): Call to a member function find() on a non-object in [C:\wamp\www\cfcmanager\app\Controller\ClientesController.php, line 43]
2014-01-19 22:53:41 Error: [FatalErrorException] Call to a member function find() on a non-object
Request URL: /cfcmanager/clientes/add
Stack Trace:
#0 C:\wamp\www\cfcmanager\lib\Cake\Error\ErrorHandler.php(183): ErrorHandler::handleFatalError(1, 'Call to a membe...', 'C:\wamp\www\cfc...', 43)
#1 [internal function]: ErrorHandler::handleError(1, 'Call to a membe...', 'C:\wamp\www\cfc...', 43, Array)
#2 C:\wamp\www\cfcmanager\lib\Cake\Core\App.php(926): call_user_func('ErrorHandler::h...', 1, 'Call to a membe...', 'C:\wamp\www\cfc...', 43, Array)
#3 C:\wamp\www\cfcmanager\lib\Cake\Core\App.php(899): App::_checkFatalError()
#4 [internal function]: App::shutdown()
#5 {main}
2014-01-19 22:53:41 Error: Fatal Error (1): Call to a member function find() on a non-object in [C:\wamp\www\cfcmanager\app\Controller\ClientesController.php, line 43]
2014-01-19 22:53:41 Error: [FatalErrorException] Call to a member function find() on a non-object
Request URL: /cfcmanager/clientes/add
Stack Trace:
#0 C:\wamp\www\cfcmanager\lib\Cake\Error\ErrorHandler.php(183): ErrorHandler::handleFatalError(1, 'Call to a membe...', 'C:\wamp\www\cfc...', 43)
#1 [internal function]: ErrorHandler::handleError(1, 'Call to a membe...', 'C:\wamp\www\cfc...', 43, Array)
#2 C:\wamp\www\cfcmanager\lib\Cake\Core\App.php(926): call_user_func('ErrorHandler::h...', 1, 'Call to a membe...', 'C:\wamp\www\cfc...', 43, Array)
#3 C:\wamp\www\cfcmanager\lib\Cake\Core\App.php(899): App::_checkFatalError()
#4 [internal function]: App::shutdown()
#5 {main}
2014-01-19 22:54:06 Error: Fatal Error (1): Call to a member function find() on a non-object in [C:\wamp\www\cfcmanager\app\Controller\ClientesController.php, line 17]
2014-01-19 22:54:06 Error: [FatalErrorException] Call to a member function find() on a non-object
Request URL: /cfcmanager/clientes
Stack Trace:
#0 C:\wamp\www\cfcmanager\lib\Cake\Error\ErrorHandler.php(183): ErrorHandler::handleFatalError(1, 'Call to a membe...', 'C:\wamp\www\cfc...', 17)
#1 [internal function]: ErrorHandler::handleError(1, 'Call to a membe...', 'C:\wamp\www\cfc...', 17, Array)
#2 C:\wamp\www\cfcmanager\lib\Cake\Core\App.php(926): call_user_func('ErrorHandler::h...', 1, 'Call to a membe...', 'C:\wamp\www\cfc...', 17, Array)
#3 C:\wamp\www\cfcmanager\lib\Cake\Core\App.php(899): App::_checkFatalError()
#4 [internal function]: App::shutdown()
#5 {main}
2014-01-19 22:54:33 Error: Fatal Error (1): Call to a member function find() on a non-object in [C:\wamp\www\cfcmanager\app\Controller\ClientesController.php, line 17]
2014-01-19 22:54:33 Error: [FatalErrorException] Call to a member function find() on a non-object
Request URL: /cfcmanager/clientes
Stack Trace:
#0 C:\wamp\www\cfcmanager\lib\Cake\Error\ErrorHandler.php(183): ErrorHandler::handleFatalError(1, 'Call to a membe...', 'C:\wamp\www\cfc...', 17)
#1 [internal function]: ErrorHandler::handleError(1, 'Call to a membe...', 'C:\wamp\www\cfc...', 17, Array)
#2 C:\wamp\www\cfcmanager\lib\Cake\Core\App.php(926): call_user_func('ErrorHandler::h...', 1, 'Call to a membe...', 'C:\wamp\www\cfc...', 17, Array)
#3 C:\wamp\www\cfcmanager\lib\Cake\Core\App.php(899): App::_checkFatalError()
#4 [internal function]: App::shutdown()
#5 {main}
2014-01-19 22:54:49 Error: Fatal Error (1): Call to a member function find() on a non-object in [C:\wamp\www\cfcmanager\app\Controller\ClientesController.php, line 17]
2014-01-19 22:54:49 Error: [FatalErrorException] Call to a member function find() on a non-object
Request URL: /cfcmanager/clientes
Stack Trace:
#0 C:\wamp\www\cfcmanager\lib\Cake\Error\ErrorHandler.php(183): ErrorHandler::handleFatalError(1, 'Call to a membe...', 'C:\wamp\www\cfc...', 17)
#1 [internal function]: ErrorHandler::handleError(1, 'Call to a membe...', 'C:\wamp\www\cfc...', 17, Array)
#2 C:\wamp\www\cfcmanager\lib\Cake\Core\App.php(926): call_user_func('ErrorHandler::h...', 1, 'Call to a membe...', 'C:\wamp\www\cfc...', 17, Array)
#3 C:\wamp\www\cfcmanager\lib\Cake\Core\App.php(899): App::_checkFatalError()
#4 [internal function]: App::shutdown()
#5 {main}
2014-01-19 22:55:17 Error: Fatal Error (1): Call to a member function find() on a non-object in [C:\wamp\www\cfcmanager\app\Controller\ClientesController.php, line 43]
2014-01-19 22:55:17 Error: [FatalErrorException] Call to a member function find() on a non-object
Request URL: /cfcmanager/clientes/add
Stack Trace:
#0 C:\wamp\www\cfcmanager\lib\Cake\Error\ErrorHandler.php(183): ErrorHandler::handleFatalError(1, 'Call to a membe...', 'C:\wamp\www\cfc...', 43)
#1 [internal function]: ErrorHandler::handleError(1, 'Call to a membe...', 'C:\wamp\www\cfc...', 43, Array)
#2 C:\wamp\www\cfcmanager\lib\Cake\Core\App.php(926): call_user_func('ErrorHandler::h...', 1, 'Call to a membe...', 'C:\wamp\www\cfc...', 43, Array)
#3 C:\wamp\www\cfcmanager\lib\Cake\Core\App.php(899): App::_checkFatalError()
#4 [internal function]: App::shutdown()
#5 {main}
2014-01-19 22:55:42 Error: [MissingActionException] Action ClientesController::clientes() could not be found.
Exception Attributes: array (
  'controller' => 'ClientesController',
  'action' => 'clientes',
)
Request URL: /cfcmanager/clientes/clientes/listar_cidades_json?estadoId=11
Stack Trace:
#0 C:\wamp\www\cfcmanager\lib\Cake\Routing\Dispatcher.php(186): Controller->invokeAction(Object(CakeRequest))
#1 C:\wamp\www\cfcmanager\lib\Cake\Routing\Dispatcher.php(161): Dispatcher->_invoke(Object(ClientesController), Object(CakeRequest), Object(CakeResponse))
#2 C:\wamp\www\cfcmanager\app\webroot\index.php(97): Dispatcher->dispatch(Object(CakeRequest), Object(CakeResponse))
#3 {main}
2014-01-19 22:57:28 Error: [MissingControllerException] Controller class JsController could not be found.
Exception Attributes: array (
  'class' => 'JsController',
  'plugin' => NULL,
)
Request URL: /cfcmanager/js/listar_cidades.js
Stack Trace:
#0 C:\wamp\www\cfcmanager\app\webroot\index.php(97): Dispatcher->dispatch(Object(CakeRequest), Object(CakeResponse))
#1 {main}
2014-01-19 22:58:01 Error: [MissingControllerException] Controller class JsController could not be found.
Exception Attributes: array (
  'class' => 'JsController',
  'plugin' => NULL,
)
Request URL: /cfcmanager/js/View/Clientes/listar_cidades.js
Stack Trace:
#0 C:\wamp\www\cfcmanager\app\webroot\index.php(97): Dispatcher->dispatch(Object(CakeRequest), Object(CakeResponse))
#1 {main}
2014-01-19 23:13:52 Error: [MissingControllerException] Controller class JsController could not be found.
Exception Attributes: array (
  'class' => 'JsController',
  'plugin' => NULL,
)
Request URL: /cfcmanager/js/View/Clientes/listar_cidades.js
Stack Trace:
#0 C:\wamp\www\cfcmanager\app\webroot\index.php(97): Dispatcher->dispatch(Object(CakeRequest), Object(CakeResponse))
#1 {main}
2014-01-19 23:15:20 Error: Fatal Error (1): Call to undefined method ClientesController::getindex() in [C:\wamp\www\cfcmanager\app\Controller\ClientesController.php, line 57]
2014-01-19 23:15:20 Error: [FatalErrorException] Call to undefined method ClientesController::getindex()
Request URL: /cfcmanager/clientes/add
Stack Trace:
#0 C:\wamp\www\cfcmanager\lib\Cake\Error\ErrorHandler.php(183): ErrorHandler::handleFatalError(1, 'Call to undefin...', 'C:\wamp\www\cfc...', 57)
#1 [internal function]: ErrorHandler::handleError(1, 'Call to undefin...', 'C:\wamp\www\cfc...', 57, Array)
#2 C:\wamp\www\cfcmanager\lib\Cake\Core\App.php(926): call_user_func('ErrorHandler::h...', 1, 'Call to undefin...', 'C:\wamp\www\cfc...', 57, Array)
#3 C:\wamp\www\cfcmanager\lib\Cake\Core\App.php(899): App::_checkFatalError()
#4 [internal function]: App::shutdown()
#5 {main}
2014-01-19 23:16:27 Error: Fatal Error (1): Call to a member function find() on a non-object in [C:\wamp\www\cfcmanager\app\Controller\ClientesController.php, line 15]
2014-01-19 23:16:27 Error: [FatalErrorException] Call to a member function find() on a non-object
Request URL: /cfcmanager/clientes/add
Stack Trace:
#0 C:\wamp\www\cfcmanager\lib\Cake\Error\ErrorHandler.php(183): ErrorHandler::handleFatalError(1, 'Call to a membe...', 'C:\wamp\www\cfc...', 15)
#1 [internal function]: ErrorHandler::handleError(1, 'Call to a membe...', 'C:\wamp\www\cfc...', 15, Array)
#2 C:\wamp\www\cfcmanager\lib\Cake\Core\App.php(926): call_user_func('ErrorHandler::h...', 1, 'Call to a membe...', 'C:\wamp\www\cfc...', 15, Array)
#3 C:\wamp\www\cfcmanager\lib\Cake\Core\App.php(899): App::_checkFatalError()
#4 [internal function]: App::shutdown()
#5 {main}
2014-01-19 23:17:08 Error: [MissingControllerException] Controller class JsController could not be found.
Exception Attributes: array (
  'class' => 'JsController',
  'plugin' => NULL,
)
Request URL: /cfcmanager/js/View/Clientes/listar_cidades.js
Stack Trace:
#0 C:\wamp\www\cfcmanager\app\webroot\index.php(97): Dispatcher->dispatch(Object(CakeRequest), Object(CakeResponse))
#1 {main}
2014-01-19 23:17:43 Error: [MissingControllerException] Controller class JsController could not be found.
Exception Attributes: array (
  'class' => 'JsController',
  'plugin' => NULL,
)
Request URL: /cfcmanager/js/View/Clientes/listar_cidades.js
Stack Trace:
#0 C:\wamp\www\cfcmanager\app\webroot\index.php(97): Dispatcher->dispatch(Object(CakeRequest), Object(CakeResponse))
#1 {main}
2014-01-19 23:18:56 Error: [MissingControllerException] Controller class JsController could not be found.
Exception Attributes: array (
  'class' => 'JsController',
  'plugin' => NULL,
)
Request URL: /cfcmanager/js/View/Clientes/listar_cidades.js
Stack Trace:
#0 C:\wamp\www\cfcmanager\app\webroot\index.php(97): Dispatcher->dispatch(Object(CakeRequest), Object(CakeResponse))
#1 {main}
2014-01-19 23:19:22 Error: [MissingControllerException] Controller class JsController could not be found.
Exception Attributes: array (
  'class' => 'JsController',
  'plugin' => NULL,
)
Request URL: /cfcmanager/js/View/Clientes/listar_cidades.js
Stack Trace:
#0 C:\wamp\www\cfcmanager\app\webroot\index.php(97): Dispatcher->dispatch(Object(CakeRequest), Object(CakeResponse))
#1 {main}
2014-01-19 23:19:38 Error: [MissingControllerException] Controller class JsController could not be found.
Exception Attributes: array (
  'class' => 'JsController',
  'plugin' => NULL,
)
Request URL: /cfcmanager/js/View/Clientes/listar_cidades.js
Stack Trace:
#0 C:\wamp\www\cfcmanager\app\webroot\index.php(97): Dispatcher->dispatch(Object(CakeRequest), Object(CakeResponse))
#1 {main}
2014-01-19 23:19:59 Error: [MissingControllerException] Controller class JsController could not be found.
Exception Attributes: array (
  'class' => 'JsController',
  'plugin' => NULL,
)
Request URL: /cfcmanager/js/View/Clientes/listar_cidades.js
Stack Trace:
#0 C:\wamp\www\cfcmanager\app\webroot\index.php(97): Dispatcher->dispatch(Object(CakeRequest), Object(CakeResponse))
#1 {main}
2014-01-19 23:20:32 Error: [MissingControllerException] Controller class JsController could not be found.
Exception Attributes: array (
  'class' => 'JsController',
  'plugin' => NULL,
)
Request URL: /cfcmanager/js/View/Clientes/listar_cidades.js
Stack Trace:
#0 C:\wamp\www\cfcmanager\app\webroot\index.php(97): Dispatcher->dispatch(Object(CakeRequest), Object(CakeResponse))
#1 {main}
2014-01-19 23:22:31 Error: [MissingControllerException] Controller class JsController could not be found.
Exception Attributes: array (
  'class' => 'JsController',
  'plugin' => NULL,
)
Request URL: /cfcmanager/js/View/Clientes/listar_cidades.js
Stack Trace:
#0 C:\wamp\www\cfcmanager\app\webroot\index.php(97): Dispatcher->dispatch(Object(CakeRequest), Object(CakeResponse))
#1 {main}
2014-01-19 23:23:46 Error: [MissingControllerException] Controller class JsController could not be found.
Exception Attributes: array (
  'class' => 'JsController',
  'plugin' => NULL,
)
Request URL: /cfcmanager/js/View/Clientes/listar_cidades.js
Stack Trace:
#0 C:\wamp\www\cfcmanager\app\webroot\index.php(97): Dispatcher->dispatch(Object(CakeRequest), Object(CakeResponse))
#1 {main}
2014-01-19 23:24:57 Error: [MissingControllerException] Controller class JsController could not be found.
Exception Attributes: array (
  'class' => 'JsController',
  'plugin' => NULL,
)
Request URL: /cfcmanager/js/View/Clientes/listar_cidades.js
Stack Trace:
#0 C:\wamp\www\cfcmanager\app\webroot\index.php(97): Dispatcher->dispatch(Object(CakeRequest), Object(CakeResponse))
#1 {main}
2014-01-19 23:36:12 Error: [MissingControllerException] Controller class JsController could not be found.
Exception Attributes: array (
  'class' => 'JsController',
  'plugin' => NULL,
)
Request URL: /cfcmanager/js/View/Clientes/listar_cidades.js
Stack Trace:
#0 C:\wamp\www\cfcmanager\app\webroot\index.php(97): Dispatcher->dispatch(Object(CakeRequest), Object(CakeResponse))
#1 {main}
2014-01-19 23:36:35 Error: [MissingControllerException] Controller class JsController could not be found.
Exception Attributes: array (
  'class' => 'JsController',
  'plugin' => NULL,
)
Request URL: /cfcmanager/js/View/Clientes/listar_cidades.js
Stack Trace:
#0 C:\wamp\www\cfcmanager\app\webroot\index.php(97): Dispatcher->dispatch(Object(CakeRequest), Object(CakeResponse))
#1 {main}
2014-01-19 23:36:55 Error: [MissingControllerException] Controller class JsController could not be found.
Exception Attributes: array (
  'class' => 'JsController',
  'plugin' => NULL,
)
Request URL: /cfcmanager/js/View/Clientes/listar_cidades.js
Stack Trace:
#0 C:\wamp\www\cfcmanager\app\webroot\index.php(97): Dispatcher->dispatch(Object(CakeRequest), Object(CakeResponse))
#1 {main}
2014-01-19 23:37:09 Error: [MissingControllerException] Controller class JsController could not be found.
Exception Attributes: array (
  'class' => 'JsController',
  'plugin' => NULL,
)
Request URL: /cfcmanager/js/View/Clientes/listar_cidades.js
Stack Trace:
#0 C:\wamp\www\cfcmanager\app\webroot\index.php(97): Dispatcher->dispatch(Object(CakeRequest), Object(CakeResponse))
#1 {main}
2014-01-19 23:38:01 Error: [MissingControllerException] Controller class JsController could not be found.
Exception Attributes: array (
  'class' => 'JsController',
  'plugin' => NULL,
)
Request URL: /cfcmanager/js/View/Clientes/listar_cidades.js
Stack Trace:
#0 C:\wamp\www\cfcmanager\app\webroot\index.php(97): Dispatcher->dispatch(Object(CakeRequest), Object(CakeResponse))
#1 {main}
2014-01-19 23:41:48 Error: [MissingControllerException] Controller class JsController could not be found.
Exception Attributes: array (
  'class' => 'JsController',
  'plugin' => NULL,
)
Request URL: /cfcmanager/js/View/Clientes/listar_cidades.js
Stack Trace:
#0 C:\wamp\www\cfcmanager\app\webroot\index.php(97): Dispatcher->dispatch(Object(CakeRequest), Object(CakeResponse))
#1 {main}
2014-01-19 23:42:34 Error: [MissingControllerException] Controller class JsController could not be found.
Exception Attributes: array (
  'class' => 'JsController',
  'plugin' => NULL,
)
Request URL: /cfcmanager/js/View/Clientes/listar_cidades.js
Stack Trace:
#0 C:\wamp\www\cfcmanager\app\webroot\index.php(97): Dispatcher->dispatch(Object(CakeRequest), Object(CakeResponse))
#1 {main}
2014-01-19 23:44:02 Error: [MissingActionException] Action ClientesController::clientes() could not be found.
Exception Attributes: array (
  'controller' => 'ClientesController',
  'action' => 'clientes',
)
Request URL: /cfcmanager/clientes/clientes/listar_cidades_json?estadoId=16
Stack Trace:
#0 C:\wamp\www\cfcmanager\lib\Cake\Routing\Dispatcher.php(186): Controller->invokeAction(Object(CakeRequest))
#1 C:\wamp\www\cfcmanager\lib\Cake\Routing\Dispatcher.php(161): Dispatcher->_invoke(Object(ClientesController), Object(CakeRequest), Object(CakeResponse))
#2 C:\wamp\www\cfcmanager\app\webroot\index.php(97): Dispatcher->dispatch(Object(CakeRequest), Object(CakeResponse))
#3 {main}
2014-01-19 23:44:27 Error: [MissingActionException] Action ClientesController::clientes() could not be found.
Exception Attributes: array (
  'controller' => 'ClientesController',
  'action' => 'clientes',
)
Request URL: /cfcmanager/clientes/clientes/listar_cidades_json?estadoId=13
Stack Trace:
#0 C:\wamp\www\cfcmanager\lib\Cake\Routing\Dispatcher.php(186): Controller->invokeAction(Object(CakeRequest))
#1 C:\wamp\www\cfcmanager\lib\Cake\Routing\Dispatcher.php(161): Dispatcher->_invoke(Object(ClientesController), Object(CakeRequest), Object(CakeResponse))
#2 C:\wamp\www\cfcmanager\app\webroot\index.php(97): Dispatcher->dispatch(Object(CakeRequest), Object(CakeResponse))
#3 {main}
2014-01-20 00:28:16 Error: [MissingActionException] Action ClientesController::clientes() could not be found.
Exception Attributes: array (
  'controller' => 'ClientesController',
  'action' => 'clientes',
)
Request URL: /cfcmanager/clientes/clientes/listar_cidades_json?estadoId=11
Stack Trace:
#0 C:\wamp\www\cfcmanager\lib\Cake\Routing\Dispatcher.php(186): Controller->invokeAction(Object(CakeRequest))
#1 C:\wamp\www\cfcmanager\lib\Cake\Routing\Dispatcher.php(161): Dispatcher->_invoke(Object(ClientesController), Object(CakeRequest), Object(CakeResponse))
#2 C:\wamp\www\cfcmanager\app\webroot\index.php(97): Dispatcher->dispatch(Object(CakeRequest), Object(CakeResponse))
#3 {main}
2014-01-20 00:28:25 Error: [MissingActionException] Action ClientesController::clientes() could not be found.
Exception Attributes: array (
  'controller' => 'ClientesController',
  'action' => 'clientes',
)
Request URL: /cfcmanager/clientes/clientes/listar_cidades_json?estadoId=24
Stack Trace:
#0 C:\wamp\www\cfcmanager\lib\Cake\Routing\Dispatcher.php(186): Controller->invokeAction(Object(CakeRequest))
#1 C:\wamp\www\cfcmanager\lib\Cake\Routing\Dispatcher.php(161): Dispatcher->_invoke(Object(ClientesController), Object(CakeRequest), Object(CakeResponse))
#2 C:\wamp\www\cfcmanager\app\webroot\index.php(97): Dispatcher->dispatch(Object(CakeRequest), Object(CakeResponse))
#3 {main}
2014-01-20 00:34:15 Error: [MissingActionException] Action ClientesController::clientes() could not be found.
Exception Attributes: array (
  'controller' => 'ClientesController',
  'action' => 'clientes',
)
Request URL: /cfcmanager/clientes/clientes/listar_cidades_json?estadoId=03
Stack Trace:
#0 C:\wamp\www\cfcmanager\lib\Cake\Routing\Dispatcher.php(186): Controller->invokeAction(Object(CakeRequest))
#1 C:\wamp\www\cfcmanager\lib\Cake\Routing\Dispatcher.php(161): Dispatcher->_invoke(Object(ClientesController), Object(CakeRequest), Object(CakeResponse))
#2 C:\wamp\www\cfcmanager\app\webroot\index.php(97): Dispatcher->dispatch(Object(CakeRequest), Object(CakeResponse))
#3 {main}
2014-01-20 00:34:43 Error: [MissingControllerException] Controller class ImgController could not be found.
Exception Attributes: array (
  'class' => 'ImgController',
  'plugin' => NULL,
)
Request URL: /cfcmanager/img/carregando.gif
Stack Trace:
#0 C:\wamp\www\cfcmanager\app\webroot\index.php(97): Dispatcher->dispatch(Object(CakeRequest), Object(CakeResponse))
#1 {main}
2014-01-20 00:34:45 Error: [MissingActionException] Action ClientesController::clientes() could not be found.
Exception Attributes: array (
  'controller' => 'ClientesController',
  'action' => 'clientes',
)
Request URL: /cfcmanager/clientes/clientes/listar_cidades_json?estadoId=04
Stack Trace:
#0 C:\wamp\www\cfcmanager\lib\Cake\Routing\Dispatcher.php(186): Controller->invokeAction(Object(CakeRequest))
#1 C:\wamp\www\cfcmanager\lib\Cake\Routing\Dispatcher.php(161): Dispatcher->_invoke(Object(ClientesController), Object(CakeRequest), Object(CakeResponse))
#2 C:\wamp\www\cfcmanager\app\webroot\index.php(97): Dispatcher->dispatch(Object(CakeRequest), Object(CakeResponse))
#3 {main}
2014-01-20 00:35:23 Error: [MissingControllerException] Controller class ImgController could not be found.
Exception Attributes: array (
  'class' => 'ImgController',
  'plugin' => NULL,
)
Request URL: /cfcmanager/img/46.gif
Stack Trace:
#0 C:\wamp\www\cfcmanager\app\webroot\index.php(97): Dispatcher->dispatch(Object(CakeRequest), Object(CakeResponse))
#1 {main}
2014-01-20 00:36:24 Error: [MissingActionException] Action ClientesController::clientes() could not be found.
Exception Attributes: array (
  'controller' => 'ClientesController',
  'action' => 'clientes',
)
Request URL: /cfcmanager/clientes/clientes/listar_cidades_json?estadoId=03
Stack Trace:
#0 C:\wamp\www\cfcmanager\lib\Cake\Routing\Dispatcher.php(186): Controller->invokeAction(Object(CakeRequest))
#1 C:\wamp\www\cfcmanager\lib\Cake\Routing\Dispatcher.php(161): Dispatcher->_invoke(Object(ClientesController), Object(CakeRequest), Object(CakeResponse))
#2 C:\wamp\www\cfcmanager\app\webroot\index.php(97): Dispatcher->dispatch(Object(CakeRequest), Object(CakeResponse))
#3 {main}
2014-01-20 22:04:10 Error: Fatal Error (1): Using $this when not in object context in [C:\wamp\www\cfcmanager\app\Controller\ClientesController.php, line 2]
2014-01-20 22:04:10 Error: [FatalErrorException] Using $this when not in object context
Request URL: /cfcmanager/clientes
Stack Trace:
#0 C:\wamp\www\cfcmanager\lib\Cake\Error\ErrorHandler.php(183): ErrorHandler::handleFatalError(1, 'Using $this whe...', 'C:\wamp\www\cfc...', 2)
#1 [internal function]: ErrorHandler::handleError(1, 'Using $this whe...', 'C:\wamp\www\cfc...', 2, Array)
#2 C:\wamp\www\cfcmanager\lib\Cake\Core\App.php(926): call_user_func('ErrorHandler::h...', 1, 'Using $this whe...', 'C:\wamp\www\cfc...', 2, Array)
#3 C:\wamp\www\cfcmanager\lib\Cake\Core\App.php(899): App::_checkFatalError()
#4 [internal function]: App::shutdown()
#5 {main}
2014-01-20 22:04:56 Error: Fatal Error (1): Call to a member function script() on a non-object in [C:\wamp\www\cfcmanager\app\Controller\ClientesController.php, line 32]
2014-01-20 22:04:56 Error: [FatalErrorException] Call to a member function script() on a non-object
Request URL: /cfcmanager/clientes/add
Stack Trace:
#0 C:\wamp\www\cfcmanager\lib\Cake\Error\ErrorHandler.php(183): ErrorHandler::handleFatalError(1, 'Call to a membe...', 'C:\wamp\www\cfc...', 32)
#1 [internal function]: ErrorHandler::handleError(1, 'Call to a membe...', 'C:\wamp\www\cfc...', 32, Array)
#2 C:\wamp\www\cfcmanager\lib\Cake\Core\App.php(926): call_user_func('ErrorHandler::h...', 1, 'Call to a membe...', 'C:\wamp\www\cfc...', 32, Array)
#3 C:\wamp\www\cfcmanager\lib\Cake\Core\App.php(899): App::_checkFatalError()
#4 [internal function]: App::shutdown()
#5 {main}
2014-01-20 22:05:03 Error: Fatal Error (1): Call to a member function script() on a non-object in [C:\wamp\www\cfcmanager\app\Controller\ClientesController.php, line 32]
2014-01-20 22:05:03 Error: [FatalErrorException] Call to a member function script() on a non-object
Request URL: /cfcmanager/clientes/add
Stack Trace:
#0 C:\wamp\www\cfcmanager\lib\Cake\Error\ErrorHandler.php(183): ErrorHandler::handleFatalError(1, 'Call to a membe...', 'C:\wamp\www\cfc...', 32)
#1 [internal function]: ErrorHandler::handleError(1, 'Call to a membe...', 'C:\wamp\www\cfc...', 32, Array)
#2 C:\wamp\www\cfcmanager\lib\Cake\Core\App.php(926): call_user_func('ErrorHandler::h...', 1, 'Call to a membe...', 'C:\wamp\www\cfc...', 32, Array)
#3 C:\wamp\www\cfcmanager\lib\Cake\Core\App.php(899): App::_checkFatalError()
#4 [internal function]: App::shutdown()
#5 {main}
2014-01-20 22:05:25 Error: Fatal Error (1): Call to a member function script() on a non-object in [C:\wamp\www\cfcmanager\app\Controller\ClientesController.php, line 32]
2014-01-20 22:05:25 Error: [FatalErrorException] Call to a member function script() on a non-object
Request URL: /cfcmanager/clientes/add
Stack Trace:
#0 C:\wamp\www\cfcmanager\lib\Cake\Error\ErrorHandler.php(183): ErrorHandler::handleFatalError(1, 'Call to a membe...', 'C:\wamp\www\cfc...', 32)
#1 [internal function]: ErrorHandler::handleError(1, 'Call to a membe...', 'C:\wamp\www\cfc...', 32, Array)
#2 C:\wamp\www\cfcmanager\lib\Cake\Core\App.php(926): call_user_func('ErrorHandler::h...', 1, 'Call to a membe...', 'C:\wamp\www\cfc...', 32, Array)
#3 C:\wamp\www\cfcmanager\lib\Cake\Core\App.php(899): App::_checkFatalError()
#4 [internal function]: App::shutdown()
#5 {main}
2014-01-20 22:05:49 Error: [MissingActionException] Action ClientesController::clientes() could not be found.
Exception Attributes: array (
  'controller' => 'ClientesController',
  'action' => 'clientes',
)
Request URL: /cfcmanager/clientes/clientes/listar_cidades_json?estadoId=02
Stack Trace:
#0 C:\wamp\www\cfcmanager\lib\Cake\Routing\Dispatcher.php(186): Controller->invokeAction(Object(CakeRequest))
#1 C:\wamp\www\cfcmanager\lib\Cake\Routing\Dispatcher.php(161): Dispatcher->_invoke(Object(ClientesController), Object(CakeRequest), Object(CakeResponse))
#2 C:\wamp\www\cfcmanager\app\webroot\index.php(97): Dispatcher->dispatch(Object(CakeRequest), Object(CakeResponse))
#3 {main}
2014-01-20 22:06:50 Error: [MissingActionException] Action ClientesController::clientes() could not be found.
Exception Attributes: array (
  'controller' => 'ClientesController',
  'action' => 'clientes',
)
Request URL: /cfcmanager/clientes/clientes/listar_cidades_json?estadoId=12
Stack Trace:
#0 C:\wamp\www\cfcmanager\lib\Cake\Routing\Dispatcher.php(186): Controller->invokeAction(Object(CakeRequest))
#1 C:\wamp\www\cfcmanager\lib\Cake\Routing\Dispatcher.php(161): Dispatcher->_invoke(Object(ClientesController), Object(CakeRequest), Object(CakeResponse))
#2 C:\wamp\www\cfcmanager\app\webroot\index.php(97): Dispatcher->dispatch(Object(CakeRequest), Object(CakeResponse))
#3 {main}
2014-01-20 22:08:45 Error: [MissingActionException] Action ClientesController::clientes() could not be found.
Exception Attributes: array (
  'controller' => 'ClientesController',
  'action' => 'clientes',
)
Request URL: /cfcmanager/clientes/clientes/listar_cidades_json?estadoId=11
Stack Trace:
#0 C:\wamp\www\cfcmanager\lib\Cake\Routing\Dispatcher.php(186): Controller->invokeAction(Object(CakeRequest))
#1 C:\wamp\www\cfcmanager\lib\Cake\Routing\Dispatcher.php(161): Dispatcher->_invoke(Object(ClientesController), Object(CakeRequest), Object(CakeResponse))
#2 C:\wamp\www\cfcmanager\app\webroot\index.php(97): Dispatcher->dispatch(Object(CakeRequest), Object(CakeResponse))
#3 {main}
2014-01-20 22:09:18 Error: [MissingActionException] Action ClientesController::clientes() could not be found.
Exception Attributes: array (
  'controller' => 'ClientesController',
  'action' => 'clientes',
)
Request URL: /cfcmanager/clientes/clientes/listar_cidades_json?estadoId=11
Stack Trace:
#0 C:\wamp\www\cfcmanager\lib\Cake\Routing\Dispatcher.php(186): Controller->invokeAction(Object(CakeRequest))
#1 C:\wamp\www\cfcmanager\lib\Cake\Routing\Dispatcher.php(161): Dispatcher->_invoke(Object(ClientesController), Object(CakeRequest), Object(CakeResponse))
#2 C:\wamp\www\cfcmanager\app\webroot\index.php(97): Dispatcher->dispatch(Object(CakeRequest), Object(CakeResponse))
#3 {main}
2014-01-20 22:11:42 Error: [MissingActionException] Action ClientesController::clientes() could not be found.
Exception Attributes: array (
  'controller' => 'ClientesController',
  'action' => 'clientes',
)
Request URL: /cfcmanager/clientes/clientes/listar_cidades_json?estadoId=11
Stack Trace:
#0 C:\wamp\www\cfcmanager\lib\Cake\Routing\Dispatcher.php(186): Controller->invokeAction(Object(CakeRequest))
#1 C:\wamp\www\cfcmanager\lib\Cake\Routing\Dispatcher.php(161): Dispatcher->_invoke(Object(ClientesController), Object(CakeRequest), Object(CakeResponse))
#2 C:\wamp\www\cfcmanager\app\webroot\index.php(97): Dispatcher->dispatch(Object(CakeRequest), Object(CakeResponse))
#3 {main}
2014-01-20 22:23:07 Error: [MissingActionException] Action ClientesController::clientes() could not be found.
Exception Attributes: array (
  'controller' => 'ClientesController',
  'action' => 'clientes',
)
Request URL: /cfcmanager/clientes/clientes/listar_cidades_json?estadoId=11
Stack Trace:
#0 C:\wamp\www\cfcmanager\lib\Cake\Routing\Dispatcher.php(186): Controller->invokeAction(Object(CakeRequest))
#1 C:\wamp\www\cfcmanager\lib\Cake\Routing\Dispatcher.php(161): Dispatcher->_invoke(Object(ClientesController), Object(CakeRequest), Object(CakeResponse))
#2 C:\wamp\www\cfcmanager\app\webroot\index.php(97): Dispatcher->dispatch(Object(CakeRequest), Object(CakeResponse))
#3 {main}
2014-01-20 22:27:58 Error: [MissingActionException] Action ClientesController::clientes() could not be found.
Exception Attributes: array (
  'controller' => 'ClientesController',
  'action' => 'clientes',
)
Request URL: /cfcmanager/clientes/clientes/listar_cidades_json?estadoId=01
Stack Trace:
#0 C:\wamp\www\cfcmanager\lib\Cake\Routing\Dispatcher.php(186): Controller->invokeAction(Object(CakeRequest))
#1 C:\wamp\www\cfcmanager\lib\Cake\Routing\Dispatcher.php(161): Dispatcher->_invoke(Object(ClientesController), Object(CakeRequest), Object(CakeResponse))
#2 C:\wamp\www\cfcmanager\app\webroot\index.php(97): Dispatcher->dispatch(Object(CakeRequest), Object(CakeResponse))
#3 {main}
2014-01-20 22:29:49 Error: [MissingActionException] Action ClientesController::clientes() could not be found.
Exception Attributes: array (
  'controller' => 'ClientesController',
  'action' => 'clientes',
)
Request URL: /cfcmanager/clientes/clientes/listar_cidades_json?estadoId=08
Stack Trace:
#0 C:\wamp\www\cfcmanager\lib\Cake\Routing\Dispatcher.php(186): Controller->invokeAction(Object(CakeRequest))
#1 C:\wamp\www\cfcmanager\lib\Cake\Routing\Dispatcher.php(161): Dispatcher->_invoke(Object(ClientesController), Object(CakeRequest), Object(CakeResponse))
#2 C:\wamp\www\cfcmanager\app\webroot\index.php(97): Dispatcher->dispatch(Object(CakeRequest), Object(CakeResponse))
#3 {main}
2014-01-20 22:34:00 Error: Fatal Error (1): Call to a member function observeField() on a non-object in [C:\wamp\www\cfcmanager\app\View\Clientes\add.ctp, line 23]
2014-01-20 22:34:00 Error: [FatalErrorException] Call to a member function observeField() on a non-object
Request URL: /cfcmanager/clientes/add
Stack Trace:
#0 C:\wamp\www\cfcmanager\lib\Cake\Error\ErrorHandler.php(183): ErrorHandler::handleFatalError(1, 'Call to a membe...', 'C:\wamp\www\cfc...', 23)
#1 [internal function]: ErrorHandler::handleError(1, 'Call to a membe...', 'C:\wamp\www\cfc...', 23, Array)
#2 C:\wamp\www\cfcmanager\lib\Cake\Core\App.php(926): call_user_func('ErrorHandler::h...', 1, 'Call to a membe...', 'C:\wamp\www\cfc...', 23, Array)
#3 C:\wamp\www\cfcmanager\lib\Cake\Core\App.php(899): App::_checkFatalError()
#4 [internal function]: App::shutdown()
#5 {main}
2014-01-20 22:47:38 Error: [MissingActionException] Action ClientesController::clientes() could not be found.
Exception Attributes: array (
  'controller' => 'ClientesController',
  'action' => 'clientes',
)
Request URL: /cfcmanager/clientes/clientes/listar_cidades_json?estadoId=11
Stack Trace:
#0 C:\wamp\www\cfcmanager\lib\Cake\Routing\Dispatcher.php(186): Controller->invokeAction(Object(CakeRequest))
#1 C:\wamp\www\cfcmanager\lib\Cake\Routing\Dispatcher.php(161): Dispatcher->_invoke(Object(ClientesController), Object(CakeRequest), Object(CakeResponse))
#2 C:\wamp\www\cfcmanager\app\webroot\index.php(97): Dispatcher->dispatch(Object(CakeRequest), Object(CakeResponse))
#3 {main}
2014-01-21 22:41:01 Error: [MissingActionException] Action ClientesController::clientes() could not be found.
Exception Attributes: array (
  'controller' => 'ClientesController',
  'action' => 'clientes',
)
Request URL: /cfcmanager/clientes/clientes/listar_cidades_json?estadoId=03
Stack Trace:
#0 C:\wamp\www\cfcmanager\lib\Cake\Routing\Dispatcher.php(186): Controller->invokeAction(Object(CakeRequest))
#1 C:\wamp\www\cfcmanager\lib\Cake\Routing\Dispatcher.php(161): Dispatcher->_invoke(Object(ClientesController), Object(CakeRequest), Object(CakeResponse))
#2 C:\wamp\www\cfcmanager\app\webroot\index.php(97): Dispatcher->dispatch(Object(CakeRequest), Object(CakeResponse))
#3 {main}
